<?xml version="1.0" encoding="UTF-8"?>
<testsuite xmlns:xsi="http://www.w3.org/2001/XMLSchema-instance" xsi:noNamespaceSchemaLocation="https://maven.apache.org/surefire/maven-surefire-plugin/xsd/surefire-test-report.xsd" name="com.example.mongo.demoMongo.controllers.CustomerControllerWithMockMvcIT" time="0.705" tests="1" errors="0" skipped="0" failures="0">
  <properties>
[...]
</properties>
  <testcase name="should_get_all_customers" classname="com.example.mongo.demoMongo.controllers.CustomerControllerWithMockMvcIT" time="0.031"/>
</testsuite>